0 info it worked if it ends with ok
1 verbose cli [ 'nodejs', '/usr/bin/npm', 'install' ]
2 info using npm@1.1.49
3 info using node@v0.8.7
4 verbose read json /home/jacob/code/logger/package.json
5 warn package.json application-name@0.0.1 No README.md file found!
6 verbose readDependencies using package.json deps
7 verbose install where, deps [ '/home/jacob/code/logger',
7 verbose install   [ 'node', 'express', 'ejs', 'socket.io' ] ]
8 verbose from cache /home/jacob/code/logger/package.json
9 info preinstall application-name@0.0.1
10 verbose read json /home/jacob/code/logger/node_modules/express/package.json
11 verbose read json /home/jacob/code/logger/node_modules/socket.io/package.json
12 verbose read json /home/jacob/code/logger/node_modules/ejs/package.json
13 verbose from cache /home/jacob/code/logger/package.json
14 verbose readDependencies using package.json deps
15 verbose from cache /home/jacob/code/logger/node_modules/express/package.json
16 verbose from cache /home/jacob/code/logger/node_modules/socket.io/package.json
17 verbose from cache /home/jacob/code/logger/node_modules/ejs/package.json
18 verbose read json /home/jacob/code/logger/node_modules/.bin/package.json
19 verbose cache add [ 'node@0.8.7', null ]
20 silly cache add name=undefined spec="node@0.8.7" args=["node@0.8.7",null]
21 verbose parsed url { pathname: 'node@0.8.7',
21 verbose parsed url   path: 'node@0.8.7',
21 verbose parsed url   href: 'node@0.8.7' }
22 silly cache add name="node" spec="0.8.7" args=["node","0.8.7"]
23 verbose parsed url { pathname: '0.8.7', path: '0.8.7', href: '0.8.7' }
24 verbose addNamed [ 'node', '0.8.7' ]
25 verbose addNamed [ '0.8.7', '0.8.7' ]
26 verbose already installed skipping express@>=2.5.0 /home/jacob/code/logger
27 verbose already installed skipping ejs@* /home/jacob/code/logger
28 silly lockFile d73e4a76-node-0-8-7 node@0.8.7
29 verbose lock node@0.8.7 /home/jacob/.npm/d73e4a76-node-0-8-7.lock
30 verbose already installed skipping socket.io@0.9.10 /home/jacob/code/logger
31 verbose url raw node/0.8.7
32 verbose url resolving [ 'https://registry.npmjs.org/', './node/0.8.7' ]
33 verbose url resolved https://registry.npmjs.org/node/0.8.7
34 info retry registry request attempt 1 at 23:47:09
35 http GET https://registry.npmjs.org/node/0.8.7
36 http 404 https://registry.npmjs.org/node/0.8.7
37 silly registry.get cb [ 404,
37 silly registry.get   { vary: 'Accept',
37 silly registry.get     server: 'CouchDB/1.2.0 (Erlang OTP/R15B)',
37 silly registry.get     etag: '"3U42JDZOFHLPZLSR0YMY1LEKE"',
37 silly registry.get     date: 'Mon, 20 Aug 2012 21:47:16 GMT',
37 silly registry.get     'content-type': 'application/json',
37 silly registry.get     'content-length': '36' } ]
38 silly lockFile d73e4a76-node-0-8-7 node@0.8.7
39 error Error: version not found: 0.8.7 : node/0.8.7
39 error     at RegClient.<anonymous> (/usr/lib/nodejs/npm/node_modules/npm-registry-client/lib/request.js:246:14)
39 error     at Request.init.self.callback (/usr/lib/nodejs/npm/node_modules/request/main.js:120:22)
39 error     at Request.EventEmitter.emit (events.js:91:17)
39 error     at Request.<anonymous> (/usr/lib/nodejs/npm/node_modules/request/main.js:555:16)
39 error     at Request.EventEmitter.emit (events.js:88:17)
39 error     at IncomingMessage.Request.start.self.req.self.httpModule.request.buffer (/usr/lib/nodejs/npm/node_modules/request/main.js:517:14)
39 error     at IncomingMessage.EventEmitter.emit (events.js:115:20)
39 error     at IncomingMessage._emitEnd (http.js:366:10)
39 error     at HTTPParser.parserOnMessageComplete [as onMessageComplete] (http.js:149:23)
39 error     at CleartextStream.socketOnData (http.js:1366:20)
40 error If you need help, you may report this log at:
40 error     <http://github.com/isaacs/npm/issues>
40 error or email it to:
40 error     <npm-@googlegroups.com>
41 error System Linux 3.0.0-12-generic
42 error command "nodejs" "/usr/bin/npm" "install"
43 error cwd /home/jacob/code/logger
44 error node -v v0.8.7
45 error npm -v 1.1.49
46 verbose exit [ 1, true ]
